<?xml version="1.0" encoding="UTF-8"?>
<!-- Generated by org.testng.reporters.JUnitXMLReporter -->
<testsuite ignored="0" hostname="MB-AAres.fibertel.com.ar" failures="0" tests="9" name="Automation Tests" time="41.842" errors="0" timestamp="2023-04-27T16:57:47 ART">
  <testcase classname="qu.scenarios.CheckoutCartScenario" name="checkoutCartValidations" time="4.249"/>
  <testcase classname="qu.scenarios.CheckoutFormScenario" name="checkoutFormValidations" time="6.828"/>
  <testcase classname="qu.scenarios.EmptyLoginScenario" name="emptyCredentialValidations" time="2.876"/>
  <testcase classname="qu.scenarios.GridAllItemScenario" name="gridAllItemValidations" time="4.144"/>
  <testcase classname="qu.scenarios.GridItemScenario" name="gridItemValidations" time="3.417"/>
  <testcase classname="qu.scenarios.InvalidLoginScenario" name="invalidCredentialValidations" time="2.941"/>
  <testcase classname="qu.scenarios.LoginScenario" name="loginValidations" time="2.986"/>
  <testcase classname="qu.scenarios.SearchEmptyScenario" name="searchValueValidations" time="6.649"/>
  <testcase classname="qu.scenarios.SearchScenario" name="searchValueValidations" time="5.683"/>
</testsuite> <!-- Automation Tests -->
